<?xml version="1.0" encoding="UTF-8"?>
<testsuite xmlns:xsi="http://www.w3.org/2001/XMLSchema-instance" xsi:noNamespaceSchemaLocation="https://maven.apache.org/surefire/maven-surefire-plugin/xsd/surefire-test-report-3.0.xsd" version="3.0" name="com.queue.digitalqueue.service.TokenServiceImplTest" time="4.062" tests="5" errors="0" skipped="0" failures="0">
  <properties>
[...]
</properties>
  <testcase name="serveNextTokenShouldThrowWhenQueueIsEmpty" classname="com.queue.digitalqueue.service.TokenServiceImplTest" time="3.768"/>
  <testcase name="getQueueStatusShouldReturnCurrentServingAndWaitingQueue" classname="com.queue.digitalqueue.service.TokenServiceImplTest" time="0.091"/>
  <testcase name="serveNextTokenShouldRespectPriorityWithinServiceQueue" classname="com.queue.digitalqueue.service.TokenServiceImplTest" time="0.032"/>
  <testcase name="createTokenShouldGenerateNextIncrementalToken" classname="com.queue.digitalqueue.service.TokenServiceImplTest" time="0.017"/>
  <testcase name="getDashboardShouldReturnAnalyticsAndRecentActivity" classname="com.queue.digitalqueue.service.TokenServiceImplTest" time="0.066"/>
</testsuite>